{"/Users/timothyperin/dev/twitch-bot-scripts/falloutnews/src/falloutnews.ts": {"path":"/Users/timothyperin/dev/twitch-bot-scripts/falloutnews/src/falloutnews.ts","statementMap":{"0":{"start":{"line":12,"column":23},"end":{"line":12,"column":85}},"1":{"start":{"line":12,"column":54},"end":{"line":12,"column":84}},"2":{"start":{"line":14,"column":4},"end":{"line":16,"column":5}},"3":{"start":{"line":15,"column":8},"end":{"line":15,"column":31}},"4":{"start":{"line":19,"column":23},"end":{"line":19,"column":123}},"5":{"start":{"line":20,"column":22},"end":{"line":20,"column":38}},"6":{"start":{"line":22,"column":16},"end":{"line":22,"column":32}},"7":{"start":{"line":24,"column":4},"end":{"line":27,"column":5}},"8":{"start":{"line":26,"column":8},"end":{"line":26,"column":58}},"9":{"start":{"line":29,"column":4},"end":{"line":29,"column":113}},"10":{"start":{"line":11,"column":0},"end":{"line":11,"column":16}},"11":{"start":{"line":41,"column":4},"end":{"line":41,"column":96}},"12":{"start":{"line":43,"column":1},"end":{"line":43,"column":null}},"13":{"start":{"line":53,"column":4},"end":{"line":53,"column":97}},"14":{"start":{"line":55,"column":1},"end":{"line":55,"column":null}},"15":{"start":{"line":65,"column":4},"end":{"line":65,"column":110}},"16":{"start":{"line":67,"column":1},"end":{"line":67,"column":null}},"17":{"start":{"line":77,"column":4},"end":{"line":77,"column":73}},"18":{"start":{"line":79,"column":1},"end":{"line":79,"column":null}},"19":{"start":{"line":82,"column":16},"end":{"line":82,"column":118}},"20":{"start":{"line":84,"column":4},"end":{"line":101,"column":7}},"21":{"start":{"line":93,"column":8},"end":{"line":95,"column":9}},"22":{"start":{"line":94,"column":12},"end":{"line":94,"column":59}},"23":{"start":{"line":96,"column":8},"end":{"line":96,"column":31}},"24":{"start":{"line":99,"column":8},"end":{"line":99,"column":84}},"25":{"start":{"line":100,"column":8},"end":{"line":100,"column":20}},"26":{"start":{"line":105,"column":25},"end":{"line":105,"column":27}},"27":{"start":{"line":106,"column":20},"end":{"line":106,"column":22}},"28":{"start":{"line":107,"column":4},"end":{"line":113,"column":5}},"29":{"start":{"line":107,"column":22},"end":{"line":107,"column":23}},"30":{"start":{"line":108,"column":25},"end":{"line":108,"column":51}},"31":{"start":{"line":110,"column":8},"end":{"line":110,"column":42}},"32":{"start":{"line":112,"column":8},"end":{"line":112,"column":58}},"33":{"start":{"line":112,"column":52},"end":{"line":112,"column":58}},"34":{"start":{"line":115,"column":4},"end":{"line":115,"column":40}}},"fnMap":{"0":{"name":"formatNewsEntry","decl":{"start":{"line":11,"column":16},"end":{"line":11,"column":31}},"loc":{"start":{"line":11,"column":94},"end":{"line":30,"column":1}}},"1":{"name":"(anonymous_8)","decl":{"start":{"line":12,"column":45},"end":{"line":12,"column":50}},"loc":{"start":{"line":12,"column":54},"end":{"line":12,"column":84}}},"2":{"name":"calcFallout76UpdateNotes","decl":{"start":{"line":40,"column":9},"end":{"line":40,"column":33}},"loc":{"start":{"line":40,"column":55},"end":{"line":42,"column":1}}},"3":{"name":"calcFallout76ITV","decl":{"start":{"line":52,"column":9},"end":{"line":52,"column":25}},"loc":{"start":{"line":52,"column":47},"end":{"line":54,"column":1}}},"4":{"name":"calcFallout76AtomicShop","decl":{"start":{"line":64,"column":9},"end":{"line":64,"column":32}},"loc":{"start":{"line":64,"column":54},"end":{"line":66,"column":1}}},"5":{"name":"calcFallout76Latest","decl":{"start":{"line":76,"column":9},"end":{"line":76,"column":28}},"loc":{"start":{"line":76,"column":50},"end":{"line":78,"column":1}}},"6":{"name":"get_response","decl":{"start":{"line":81,"column":9},"end":{"line":81,"column":21}},"loc":{"start":{"line":81,"column":36},"end":{"line":102,"column":1}}},"7":{"name":"(anonymous_14)","decl":{"start":{"line":92,"column":10},"end":{"line":92,"column":18}},"loc":{"start":{"line":92,"column":21},"end":{"line":97,"column":5}}},"8":{"name":"(anonymous_15)","decl":{"start":{"line":98,"column":11},"end":{"line":98,"column":16}},"loc":{"start":{"line":98,"column":19},"end":{"line":101,"column":5}}},"9":{"name":"fetchItems","decl":{"start":{"line":104,"column":15},"end":{"line":104,"column":25}},"loc":{"start":{"line":104,"column":44},"end":{"line":116,"column":null}}}},"branchMap":{"0":{"loc":{"start":{"line":14,"column":4},"end":{"line":16,"column":5}},"type":"if","locations":[{"start":{"line":14,"column":4},"end":{"line":16,"column":5}}]},"1":{"loc":{"start":{"line":24,"column":4},"end":{"line":27,"column":5}},"type":"if","locations":[{"start":{"line":24,"column":4},"end":{"line":27,"column":5}}]},"2":{"loc":{"start":{"line":93,"column":8},"end":{"line":95,"column":9}},"type":"if","locations":[{"start":{"line":93,"column":8},"end":{"line":95,"column":9}}]},"3":{"loc":{"start":{"line":112,"column":8},"end":{"line":112,"column":58}},"type":"if","locations":[{"start":{"line":112,"column":8},"end":{"line":112,"column":58}}]}},"s":{"0":3,"1":3,"2":3,"3":1,"4":2,"5":2,"6":2,"7":2,"8":1,"9":2,"10":1,"11":0,"12":1,"13":0,"14":1,"15":0,"16":1,"17":0,"18":1,"19":0,"20":0,"21":0,"22":0,"23":0,"24":0,"25":0,"26":0,"27":0,"28":0,"29":0,"30":0,"31":0,"32":0,"33":0,"34":0},"f":{"0":3,"1":3,"2":0,"3":0,"4":0,"5":0,"6":0,"7":0,"8":0,"9":0},"b":{"0":[1],"1":[1],"2":[0],"3":[0]}}
,"/Users/timothyperin/dev/twitch-bot-scripts/launchcodes/src/launchcodes.ts": {"path":"/Users/timothyperin/dev/twitch-bot-scripts/launchcodes/src/launchcodes.ts","statementMap":{"0":{"start":{"line":20,"column":29},"end":{"line":20,"column":75}},"1":{"start":{"line":21,"column":23},"end":{"line":21,"column":67}},"2":{"start":{"line":21,"column":49},"end":{"line":21,"column":67}},"3":{"start":{"line":23,"column":40},"end":{"line":23,"column":85}},"4":{"start":{"line":24,"column":23},"end":{"line":24,"column":88}},"5":{"start":{"line":26,"column":27},"end":{"line":30,"column":16}},"6":{"start":{"line":27,"column":24},"end":{"line":27,"column":88}},"7":{"start":{"line":28,"column":26},"end":{"line":28,"column":49}},"8":{"start":{"line":29,"column":8},"end":{"line":29,"column":79}},"9":{"start":{"line":32,"column":4},"end":{"line":32,"column":96}},"10":{"start":{"line":13,"column":0},"end":{"line":13,"column":16}},"11":{"start":{"line":34,"column":1},"end":{"line":34,"column":null}}},"fnMap":{"0":{"name":"formatNukeCodes","decl":{"start":{"line":13,"column":16},"end":{"line":13,"column":31}},"loc":{"start":{"line":18,"column":35},"end":{"line":33,"column":1}}},"1":{"name":"(anonymous_1)","decl":{"start":{"line":21,"column":23},"end":{"line":21,"column":24}},"loc":{"start":{"line":21,"column":49},"end":{"line":21,"column":67}}},"2":{"name":"(anonymous_2)","decl":{"start":{"line":26,"column":42},"end":{"line":26,"column":43}},"loc":{"start":{"line":26,"column":55},"end":{"line":30,"column":5}}}},"branchMap":{"0":{"loc":{"start":{"line":15,"column":4},"end":{"line":15,"column":27}},"type":"default-arg","locations":[{"start":{"line":15,"column":24},"end":{"line":15,"column":27}}]},"1":{"loc":{"start":{"line":16,"column":4},"end":{"line":16,"column":27}},"type":"default-arg","locations":[{"start":{"line":16,"column":23},"end":{"line":16,"column":27}}]},"2":{"loc":{"start":{"line":17,"column":4},"end":{"line":17,"column":33}},"type":"default-arg","locations":[{"start":{"line":17,"column":21},"end":{"line":17,"column":33}}]},"3":{"loc":{"start":{"line":18,"column":4},"end":{"line":18,"column":35}},"type":"default-arg","locations":[{"start":{"line":18,"column":30},"end":{"line":18,"column":35}}]},"4":{"loc":{"start":{"line":23,"column":40},"end":{"line":23,"column":85}},"type":"cond-expr","locations":[{"start":{"line":23,"column":64},"end":{"line":23,"column":72}},{"start":{"line":23,"column":75},"end":{"line":23,"column":85}}]},"5":{"loc":{"start":{"line":24,"column":23},"end":{"line":24,"column":88}},"type":"cond-expr","locations":[{"start":{"line":24,"column":41},"end":{"line":24,"column":70}},{"start":{"line":24,"column":73},"end":{"line":24,"column":88}}]},"6":{"loc":{"start":{"line":28,"column":26},"end":{"line":28,"column":49}},"type":"cond-expr","locations":[{"start":{"line":28,"column":43},"end":{"line":28,"column":47}},{"start":{"line":28,"column":47},"end":{"line":28,"column":49}}]},"7":{"loc":{"start":{"line":28,"column":26},"end":{"line":28,"column":47}},"type":"binary-expr","locations":[{"start":{"line":28,"column":26},"end":{"line":28,"column":47}},{"start":{"line":28,"column":43},"end":{"line":28,"column":47}}]}},"s":{"0":3,"1":3,"2":6,"3":3,"4":3,"5":3,"6":9,"7":9,"8":9,"9":3,"10":1,"11":1},"f":{"0":3,"1":6,"2":9},"b":{"0":[2],"1":[2],"2":[2],"3":[2],"4":[3,0],"5":[2,1],"6":[6,3],"7":[9,9]}}
,"/Users/timothyperin/dev/twitch-bot-scripts/minerva/src/date-time.utils.ts": {"path":"/Users/timothyperin/dev/twitch-bot-scripts/minerva/src/date-time.utils.ts","statementMap":{"0":{"start":{"line":7,"column":21},"end":{"line":7,"column":105}},"1":{"start":{"line":8,"column":16},"end":{"line":8,"column":43}},"2":{"start":{"line":9,"column":14},"end":{"line":9,"column":28}},"3":{"start":{"line":10,"column":15},"end":{"line":10,"column":30}},"4":{"start":{"line":11,"column":17},"end":{"line":11,"column":34}},"5":{"start":{"line":12,"column":15},"end":{"line":12,"column":24}},"6":{"start":{"line":13,"column":25},"end":{"line":13,"column":45}},"7":{"start":{"line":14,"column":26},"end":{"line":14,"column":61}},"8":{"start":{"line":16,"column":2},"end":{"line":16,"column":90}},"9":{"start":{"line":6,"column":0},"end":{"line":6,"column":16}},"10":{"start":{"line":26,"column":25},"end":{"line":26,"column":59}},"11":{"start":{"line":27,"column":2},"end":{"line":29,"column":3}},"12":{"start":{"line":28,"column":4},"end":{"line":28,"column":32}},"13":{"start":{"line":31,"column":21},"end":{"line":31,"column":66}},"14":{"start":{"line":32,"column":15},"end":{"line":32,"column":42}},"15":{"start":{"line":33,"column":25},"end":{"line":33,"column":40}},"16":{"start":{"line":35,"column":2},"end":{"line":35,"column":52}},"17":{"start":{"line":25,"column":0},"end":{"line":25,"column":16}},"18":{"start":{"line":45,"column":20},"end":{"line":45,"column":55}},"19":{"start":{"line":46,"column":21},"end":{"line":46,"column":61}},"20":{"start":{"line":47,"column":15},"end":{"line":47,"column":42}},"21":{"start":{"line":48,"column":25},"end":{"line":48,"column":40}},"22":{"start":{"line":50,"column":2},"end":{"line":50,"column":52}},"23":{"start":{"line":44,"column":0},"end":{"line":44,"column":16}}},"fnMap":{"0":{"name":"formatDate","decl":{"start":{"line":6,"column":16},"end":{"line":6,"column":26}},"loc":{"start":{"line":6,"column":37},"end":{"line":17,"column":1}}},"1":{"name":"getTimeSinceInDaysHours","decl":{"start":{"line":25,"column":16},"end":{"line":25,"column":39}},"loc":{"start":{"line":25,"column":65},"end":{"line":36,"column":1}}},"2":{"name":"getTimeRemainingInDaysHours","decl":{"start":{"line":44,"column":16},"end":{"line":44,"column":43}},"loc":{"start":{"line":44,"column":70},"end":{"line":51,"column":1}}}},"branchMap":{"0":{"loc":{"start":{"line":14,"column":26},"end":{"line":14,"column":61}},"type":"cond-expr","locations":[{"start":{"line":14,"column":40},"end":{"line":14,"column":52}},{"start":{"line":14,"column":55},"end":{"line":14,"column":61}}]},"1":{"loc":{"start":{"line":16,"column":65},"end":{"line":16,"column":83}},"type":"cond-expr","locations":[{"start":{"line":16,"column":72},"end":{"line":16,"column":76}},{"start":{"line":16,"column":79},"end":{"line":16,"column":83}}]},"2":{"loc":{"start":{"line":27,"column":2},"end":{"line":29,"column":3}},"type":"if","locations":[{"start":{"line":27,"column":2},"end":{"line":29,"column":3}}]}},"s":{"0":2,"1":2,"2":2,"3":2,"4":2,"5":2,"6":2,"7":2,"8":2,"9":1,"10":0,"11":0,"12":0,"13":0,"14":0,"15":0,"16":0,"17":1,"18":2,"19":2,"20":2,"21":2,"22":2,"23":1},"f":{"0":2,"1":0,"2":2},"b":{"0":[2,0],"1":[0,2],"2":[0]}}
,"/Users/timothyperin/dev/twitch-bot-scripts/minerva/src/minerva-formatting.service.ts": {"path":"/Users/timothyperin/dev/twitch-bot-scripts/minerva/src/minerva-formatting.service.ts","statementMap":{"0":{"start":{"line":2,"column":0},"end":{"line":2,"column":101}},"1":{"start":{"line":10,"column":16},"end":{"line":10,"column":26}},"2":{"start":{"line":11,"column":22},"end":{"line":11,"column":42}},"3":{"start":{"line":12,"column":20},"end":{"line":12,"column":38}},"4":{"start":{"line":14,"column":24},"end":{"line":14,"column":34}},"5":{"start":{"line":16,"column":4},"end":{"line":22,"column":5}},"6":{"start":{"line":17,"column":8},"end":{"line":17,"column":122}},"7":{"start":{"line":18,"column":11},"end":{"line":22,"column":5}},"8":{"start":{"line":19,"column":8},"end":{"line":19,"column":133}},"9":{"start":{"line":21,"column":8},"end":{"line":21,"column":136}},"10":{"start":{"line":23,"column":25},"end":{"line":30,"column":6}},"11":{"start":{"line":24,"column":8},"end":{"line":29,"column":42}},"12":{"start":{"line":31,"column":4},"end":{"line":31,"column":116}},"13":{"start":{"line":33,"column":4},"end":{"line":33,"column":25}},"14":{"start":{"line":9,"column":0},"end":{"line":9,"column":16}}},"fnMap":{"0":{"name":"formatMinervaSale","decl":{"start":{"line":9,"column":16},"end":{"line":9,"column":33}},"loc":{"start":{"line":9,"column":44},"end":{"line":34,"column":1}}},"1":{"name":"(anonymous_1)","decl":{"start":{"line":23,"column":40},"end":{"line":23,"column":44}},"loc":{"start":{"line":23,"column":47},"end":{"line":30,"column":5}}}},"branchMap":{"0":{"loc":{"start":{"line":16,"column":4},"end":{"line":22,"column":5}},"type":"if","locations":[{"start":{"line":16,"column":4},"end":{"line":22,"column":5}},{"start":{"line":18,"column":11},"end":{"line":22,"column":5}}]},"1":{"loc":{"start":{"line":18,"column":11},"end":{"line":22,"column":5}},"type":"if","locations":[{"start":{"line":18,"column":11},"end":{"line":22,"column":5}},{"start":{"line":20,"column":11},"end":{"line":22,"column":5}}]},"2":{"loc":{"start":{"line":31,"column":41},"end":{"line":31,"column":74}},"type":"cond-expr","locations":[{"start":{"line":31,"column":56},"end":{"line":31,"column":69}},{"start":{"line":31,"column":72},"end":{"line":31,"column":74}}]}},"s":{"0":1,"1":2,"2":2,"3":2,"4":2,"5":2,"6":0,"7":2,"8":0,"9":2,"10":2,"11":2,"12":2,"13":2,"14":1},"f":{"0":2,"1":2},"b":{"0":[0,2],"1":[0,2],"2":[2,0]}}
,"/Users/timothyperin/dev/twitch-bot-scripts/minerva/src/minerva.ts": {"path":"/Users/timothyperin/dev/twitch-bot-scripts/minerva/src/minerva.ts","statementMap":{"0":{"start":{"line":1,"column":0},"end":{"line":1,"column":65}},"1":{"start":{"line":2,"column":0},"end":{"line":2,"column":50}},"2":{"start":{"line":13,"column":16},"end":{"line":13,"column":26}},"3":{"start":{"line":15,"column":4},"end":{"line":20,"column":5}},"4":{"start":{"line":16,"column":8},"end":{"line":16,"column":53}},"5":{"start":{"line":19,"column":8},"end":{"line":19,"column":20}},"6":{"start":{"line":23,"column":4},"end":{"line":43,"column":5}},"7":{"start":{"line":24,"column":34},"end":{"line":28,"column":10}},"8":{"start":{"line":25,"column":26},"end":{"line":25,"column":46}},"9":{"start":{"line":26,"column":24},"end":{"line":26,"column":42}},"10":{"start":{"line":27,"column":12},"end":{"line":27,"column":30}},"11":{"start":{"line":30,"column":8},"end":{"line":34,"column":9}},"12":{"start":{"line":31,"column":12},"end":{"line":31,"column":56}},"13":{"start":{"line":33,"column":12},"end":{"line":33,"column":55}},"14":{"start":{"line":37,"column":21},"end":{"line":37,"column":63}},"15":{"start":{"line":37,"column":47},"end":{"line":37,"column":62}},"16":{"start":{"line":38,"column":8},"end":{"line":42,"column":9}},"17":{"start":{"line":39,"column":12},"end":{"line":39,"column":43}},"18":{"start":{"line":41,"column":12},"end":{"line":41,"column":42}},"19":{"start":{"line":12,"column":1},"end":{"line":12,"column":17}},"20":{"start":{"line":46,"column":1},"end":{"line":46,"column":null}}},"fnMap":{"0":{"name":"calcMinerva","decl":{"start":{"line":12,"column":17},"end":{"line":12,"column":28}},"loc":{"start":{"line":12,"column":51},"end":{"line":44,"column":1}}},"1":{"name":"(anonymous_2)","decl":{"start":{"line":24,"column":55},"end":{"line":24,"column":59}},"loc":{"start":{"line":24,"column":62},"end":{"line":28,"column":9}}},"2":{"name":"(anonymous_3)","decl":{"start":{"line":37,"column":42},"end":{"line":37,"column":43}},"loc":{"start":{"line":37,"column":47},"end":{"line":37,"column":62}}}},"branchMap":{"0":{"loc":{"start":{"line":12,"column":29},"end":{"line":12,"column":51}},"type":"default-arg","locations":[{"start":{"line":12,"column":49},"end":{"line":12,"column":51}}]},"1":{"loc":{"start":{"line":15,"column":4},"end":{"line":20,"column":5}},"type":"if","locations":[{"start":{"line":15,"column":4},"end":{"line":20,"column":5}},{"start":{"line":18,"column":9},"end":{"line":20,"column":5}}]},"2":{"loc":{"start":{"line":23,"column":4},"end":{"line":43,"column":5}},"type":"if","locations":[{"start":{"line":23,"column":4},"end":{"line":43,"column":5}},{"start":{"line":35,"column":11},"end":{"line":43,"column":5}}]},"3":{"loc":{"start":{"line":23,"column":8},"end":{"line":23,"column":36}},"type":"binary-expr","locations":[{"start":{"line":23,"column":8},"end":{"line":23,"column":22}},{"start":{"line":23,"column":26},"end":{"line":23,"column":36}}]},"4":{"loc":{"start":{"line":30,"column":8},"end":{"line":34,"column":9}},"type":"if","locations":[{"start":{"line":30,"column":8},"end":{"line":34,"column":9}},{"start":{"line":32,"column":15},"end":{"line":34,"column":9}}]},"5":{"loc":{"start":{"line":38,"column":8},"end":{"line":42,"column":9}},"type":"if","locations":[{"start":{"line":38,"column":8},"end":{"line":42,"column":9}},{"start":{"line":40,"column":15},"end":{"line":42,"column":9}}]}},"s":{"0":1,"1":1,"2":3,"3":3,"4":2,"5":1,"6":3,"7":1,"8":4,"9":4,"10":4,"11":1,"12":1,"13":0,"14":2,"15":11,"16":2,"17":1,"18":1,"19":1,"20":1},"f":{"0":3,"1":4,"2":11},"b":{"0":[1],"1":[2,1],"2":[1,2],"3":[3,3],"4":[1,0],"5":[1,1]}}
}
