TN:
SF:falloutnews/src/falloutnews.ts
FN:11,formatNewsEntry
FN:12,(anonymous_8)
FN:40,calcFallout76UpdateNotes
FN:52,calcFallout76ITV
FN:64,calcFallout76AtomicShop
FN:76,calcFallout76Latest
FN:81,get_response
FN:92,(anonymous_14)
FN:98,(anonymous_15)
FN:104,fetchItems
FNF:10
FNH:2
FNDA:3,formatNewsEntry
FNDA:3,(anonymous_8)
FNDA:0,calcFallout76UpdateNotes
FNDA:0,calcFallout76ITV
FNDA:0,calcFallout76AtomicShop
FNDA:0,calcFallout76Latest
FNDA:0,get_response
FNDA:0,(anonymous_14)
FNDA:0,(anonymous_15)
FNDA:0,fetchItems
DA:11,1
DA:12,3
DA:14,3
DA:15,1
DA:19,2
DA:20,2
DA:22,2
DA:24,2
DA:26,1
DA:29,2
DA:41,0
DA:43,1
DA:53,0
DA:55,1
DA:65,0
DA:67,1
DA:77,0
DA:79,1
DA:82,0
DA:84,0
DA:93,0
DA:94,0
DA:96,0
DA:99,0
DA:100,0
DA:105,0
DA:106,0
DA:107,0
DA:108,0
DA:110,0
DA:112,0
DA:115,0
LF:32
LH:14
BRDA:14,0,0,1
BRDA:24,1,0,1
BRDA:93,2,0,0
BRDA:112,3,0,0
BRF:4
BRH:2
end_of_record
TN:
SF:launchcodes/src/launchcodes.ts
FN:13,formatNukeCodes
FN:21,(anonymous_1)
FN:26,(anonymous_2)
FNF:3
FNH:3
FNDA:3,formatNukeCodes
FNDA:6,(anonymous_1)
FNDA:9,(anonymous_2)
DA:13,1
DA:20,3
DA:21,6
DA:23,3
DA:24,3
DA:26,3
DA:27,9
DA:28,9
DA:29,9
DA:32,3
DA:34,1
LF:11
LH:11
BRDA:15,0,0,2
BRDA:16,1,0,2
BRDA:17,2,0,2
BRDA:18,3,0,2
BRDA:23,4,0,3
BRDA:23,4,1,0
BRDA:24,5,0,2
BRDA:24,5,1,1
BRDA:28,6,0,6
BRDA:28,6,1,3
BRDA:28,7,0,9
BRDA:28,7,1,9
BRF:12
BRH:11
end_of_record
TN:
SF:minerva/src/date-time.utils.ts
FN:6,formatDate
FN:25,getTimeSinceInDaysHours
FN:44,getTimeRemainingInDaysHours
FNF:3
FNH:2
FNDA:2,formatDate
FNDA:0,getTimeSinceInDaysHours
FNDA:2,getTimeRemainingInDaysHours
DA:6,1
DA:7,2
DA:8,2
DA:9,2
DA:10,2
DA:11,2
DA:12,2
DA:13,2
DA:14,2
DA:16,2
DA:25,1
DA:26,0
DA:27,0
DA:28,0
DA:31,0
DA:32,0
DA:33,0
DA:35,0
DA:44,1
DA:45,2
DA:46,2
DA:47,2
DA:48,2
DA:50,2
LF:24
LH:17
BRDA:14,0,0,2
BRDA:14,0,1,0
BRDA:16,1,0,0
BRDA:16,1,1,2
BRDA:27,2,0,0
BRF:5
BRH:2
end_of_record
TN:
SF:minerva/src/minerva-formatting.service.ts
FN:9,formatMinervaSale
FN:23,(anonymous_1)
FNF:2
FNH:2
FNDA:2,formatMinervaSale
FNDA:2,(anonymous_1)
DA:2,1
DA:9,1
DA:10,2
DA:11,2
DA:12,2
DA:14,2
DA:16,2
DA:17,0
DA:18,2
DA:19,0
DA:21,2
DA:23,2
DA:24,2
DA:31,2
DA:33,2
LF:15
LH:13
BRDA:16,0,0,0
BRDA:16,0,1,2
BRDA:18,1,0,0
BRDA:18,1,1,2
BRDA:31,2,0,2
BRDA:31,2,1,0
BRF:6
BRH:3
end_of_record
TN:
SF:minerva/src/minerva.ts
FN:12,calcMinerva
FN:24,(anonymous_2)
FN:37,(anonymous_3)
FNF:3
FNH:3
FNDA:3,calcMinerva
FNDA:4,(anonymous_2)
FNDA:11,(anonymous_3)
DA:1,1
DA:2,1
DA:12,1
DA:13,3
DA:15,3
DA:16,2
DA:19,1
DA:23,3
DA:24,1
DA:25,4
DA:26,4
DA:27,4
DA:30,1
DA:31,1
DA:33,0
DA:37,11
DA:38,2
DA:39,1
DA:41,1
DA:46,1
LF:20
LH:19
BRDA:12,0,0,1
BRDA:15,1,0,2
BRDA:15,1,1,1
BRDA:23,2,0,1
BRDA:23,2,1,2
BRDA:23,3,0,3
BRDA:23,3,1,3
BRDA:30,4,0,1
BRDA:30,4,1,0
BRDA:38,5,0,1
BRDA:38,5,1,1
BRF:11
BRH:10
end_of_record
